{"E:\\projects\\homeWorkOtus\\src\\task1.js": {"path":"E:\\projects\\homeWorkOtus\\src\\task1.js","all":false,"statementMap":{"0":{"start":{"line":1,"column":0},"end":{"line":1,"column":19}},"1":{"start":{"line":2,"column":0},"end":{"line":2,"column":28}},"2":{"start":{"line":3,"column":0},"end":{"line":3,"column":0}},"3":{"start":{"line":4,"column":0},"end":{"line":4,"column":47}},"4":{"start":{"line":5,"column":0},"end":{"line":5,"column":64}},"5":{"start":{"line":6,"column":0},"end":{"line":6,"column":0}},"6":{"start":{"line":7,"column":0},"end":{"line":7,"column":30}},"7":{"start":{"line":8,"column":0},"end":{"line":8,"column":75}},"8":{"start":{"line":9,"column":0},"end":{"line":9,"column":0}},"9":{"start":{"line":10,"column":0},"end":{"line":10,"column":21}},"10":{"start":{"line":11,"column":0},"end":{"line":11,"column":45}},"11":{"start":{"line":12,"column":0},"end":{"line":12,"column":63}},"12":{"start":{"line":13,"column":0},"end":{"line":13,"column":0}},"13":{"start":{"line":14,"column":0},"end":{"line":14,"column":53}},"14":{"start":{"line":15,"column":0},"end":{"line":15,"column":49}},"15":{"start":{"line":16,"column":0},"end":{"line":16,"column":2}},"16":{"start":{"line":17,"column":0},"end":{"line":17,"column":0}},"17":{"start":{"line":18,"column":0},"end":{"line":18,"column":36}}},"s":{"0":1,"1":1,"2":1,"3":1,"4":1,"5":1,"6":1,"7":1,"8":1,"9":1,"10":0,"11":0,"12":0,"13":0,"14":0,"15":0,"16":1,"17":1},"branchMap":{"0":{"type":"branch","line":2,"loc":{"start":{"line":2,"column":12},"end":{"line":2,"column":27}},"locations":[{"start":{"line":2,"column":12},"end":{"line":2,"column":27}}]},"1":{"type":"branch","line":5,"loc":{"start":{"line":5,"column":18},"end":{"line":5,"column":63}},"locations":[{"start":{"line":5,"column":18},"end":{"line":5,"column":63}}]},"2":{"type":"branch","line":8,"loc":{"start":{"line":8,"column":19},"end":{"line":8,"column":74}},"locations":[{"start":{"line":8,"column":19},"end":{"line":8,"column":74}}]},"3":{"type":"branch","line":8,"loc":{"start":{"line":8,"column":48},"end":{"line":8,"column":70}},"locations":[{"start":{"line":8,"column":48},"end":{"line":8,"column":70}}]}},"b":{"0":[4],"1":[3],"2":[5],"3":[12]},"fnMap":{"0":{"name":"sum","decl":{"start":{"line":2,"column":12},"end":{"line":2,"column":27}},"loc":{"start":{"line":2,"column":12},"end":{"line":2,"column":27}},"line":2},"1":{"name":"sumStrLen","decl":{"start":{"line":5,"column":18},"end":{"line":5,"column":63}},"loc":{"start":{"line":5,"column":18},"end":{"line":5,"column":63}},"line":5},"2":{"name":"sumStrNum","decl":{"start":{"line":8,"column":19},"end":{"line":8,"column":74}},"loc":{"start":{"line":8,"column":19},"end":{"line":8,"column":74}},"line":8},"3":{"name":"task1","decl":{"start":{"line":10,"column":14},"end":{"line":16,"column":2}},"loc":{"start":{"line":10,"column":14},"end":{"line":16,"column":2}},"line":10}},"f":{"0":4,"1":3,"2":5,"3":0}}
,"E:\\projects\\homeWorkOtus\\src\\task10.js": {"path":"E:\\projects\\homeWorkOtus\\src\\task10.js","all":false,"statementMap":{"0":{"start":{"line":1,"column":0},"end":{"line":1,"column":29}},"1":{"start":{"line":2,"column":0},"end":{"line":2,"column":41}},"2":{"start":{"line":3,"column":0},"end":{"line":3,"column":48}},"3":{"start":{"line":4,"column":0},"end":{"line":4,"column":48}},"4":{"start":{"line":5,"column":0},"end":{"line":5,"column":73}},"5":{"start":{"line":6,"column":0},"end":{"line":6,"column":42}},"6":{"start":{"line":7,"column":0},"end":{"line":7,"column":44}},"7":{"start":{"line":8,"column":0},"end":{"line":8,"column":46}},"8":{"start":{"line":9,"column":0},"end":{"line":9,"column":96}},"9":{"start":{"line":10,"column":0},"end":{"line":10,"column":2}}},"s":{"0":1,"1":3,"2":3,"3":3,"4":3,"5":3,"6":3,"7":3,"8":3,"9":3},"branchMap":{"0":{"type":"branch","line":1,"loc":{"start":{"line":1,"column":22},"end":{"line":10,"column":2}},"locations":[{"start":{"line":1,"column":22},"end":{"line":10,"column":2}}]}},"b":{"0":[3]},"fnMap":{"0":{"name":"task10","decl":{"start":{"line":1,"column":22},"end":{"line":10,"column":2}},"loc":{"start":{"line":1,"column":22},"end":{"line":10,"column":2}},"line":1}},"f":{"0":3}}
,"E:\\projects\\homeWorkOtus\\src\\task2.js": {"path":"E:\\projects\\homeWorkOtus\\src\\task2.js","all":false,"statementMap":{"0":{"start":{"line":1,"column":0},"end":{"line":1,"column":41}},"1":{"start":{"line":2,"column":0},"end":{"line":2,"column":25}},"2":{"start":{"line":3,"column":0},"end":{"line":3,"column":14}},"3":{"start":{"line":4,"column":0},"end":{"line":4,"column":15}},"4":{"start":{"line":5,"column":0},"end":{"line":5,"column":12}},"5":{"start":{"line":6,"column":0},"end":{"line":6,"column":14}},"6":{"start":{"line":7,"column":0},"end":{"line":7,"column":11}},"7":{"start":{"line":8,"column":0},"end":{"line":8,"column":12}},"8":{"start":{"line":9,"column":0},"end":{"line":9,"column":12}},"9":{"start":{"line":10,"column":0},"end":{"line":10,"column":14}},"10":{"start":{"line":11,"column":0},"end":{"line":11,"column":16}},"11":{"start":{"line":12,"column":0},"end":{"line":12,"column":16}},"12":{"start":{"line":13,"column":0},"end":{"line":13,"column":15}},"13":{"start":{"line":14,"column":0},"end":{"line":14,"column":16}},"14":{"start":{"line":15,"column":0},"end":{"line":15,"column":2}},"15":{"start":{"line":16,"column":0},"end":{"line":16,"column":0}},"16":{"start":{"line":17,"column":0},"end":{"line":17,"column":21}},"17":{"start":{"line":18,"column":0},"end":{"line":18,"column":45}},"18":{"start":{"line":19,"column":0},"end":{"line":19,"column":0}},"19":{"start":{"line":20,"column":0},"end":{"line":20,"column":36}},"20":{"start":{"line":21,"column":0},"end":{"line":21,"column":32}},"21":{"start":{"line":22,"column":0},"end":{"line":22,"column":40}},"22":{"start":{"line":23,"column":0},"end":{"line":23,"column":10}},"23":{"start":{"line":24,"column":0},"end":{"line":24,"column":26}},"24":{"start":{"line":25,"column":0},"end":{"line":25,"column":3}},"25":{"start":{"line":26,"column":0},"end":{"line":26,"column":1}},"26":{"start":{"line":27,"column":0},"end":{"line":27,"column":0}},"27":{"start":{"line":28,"column":0},"end":{"line":28,"column":31}},"28":{"start":{"line":29,"column":0},"end":{"line":29,"column":47}},"29":{"start":{"line":30,"column":0},"end":{"line":30,"column":50}},"30":{"start":{"line":31,"column":0},"end":{"line":31,"column":36}},"31":{"start":{"line":32,"column":0},"end":{"line":32,"column":26}},"32":{"start":{"line":33,"column":0},"end":{"line":33,"column":2}},"33":{"start":{"line":34,"column":0},"end":{"line":34,"column":0}},"34":{"start":{"line":35,"column":0},"end":{"line":35,"column":21}},"35":{"start":{"line":36,"column":0},"end":{"line":36,"column":49}},"36":{"start":{"line":37,"column":0},"end":{"line":37,"column":0}},"37":{"start":{"line":38,"column":0},"end":{"line":38,"column":50}},"38":{"start":{"line":39,"column":0},"end":{"line":39,"column":29}},"39":{"start":{"line":40,"column":0},"end":{"line":40,"column":0}},"40":{"start":{"line":41,"column":0},"end":{"line":41,"column":64}},"41":{"start":{"line":42,"column":0},"end":{"line":42,"column":2}}},"s":{"0":1,"1":1,"2":1,"3":1,"4":1,"5":1,"6":1,"7":1,"8":1,"9":1,"10":1,"11":1,"12":1,"13":1,"14":1,"15":1,"16":1,"17":1,"18":1,"19":1,"20":4,"21":2,"22":2,"23":2,"24":2,"25":4,"26":1,"27":1,"28":1,"29":4,"30":4,"31":4,"32":4,"33":1,"34":1,"35":0,"36":0,"37":0,"38":0,"39":0,"40":0,"41":0},"branchMap":{"0":{"type":"branch","line":18,"loc":{"start":{"line":18,"column":19},"end":{"line":18,"column":44}},"locations":[{"start":{"line":18,"column":19},"end":{"line":18,"column":44}}]},"1":{"type":"branch","line":18,"loc":{"start":{"line":18,"column":35},"end":{"line":18,"column":39}},"locations":[{"start":{"line":18,"column":35},"end":{"line":18,"column":39}}]},"2":{"type":"branch","line":18,"loc":{"start":{"line":18,"column":39},"end":{"line":18,"column":44}},"locations":[{"start":{"line":18,"column":39},"end":{"line":18,"column":44}}]},"3":{"type":"branch","line":20,"loc":{"start":{"line":20,"column":25},"end":{"line":26,"column":1}},"locations":[{"start":{"line":20,"column":25},"end":{"line":26,"column":1}}]},"4":{"type":"branch","line":21,"loc":{"start":{"line":21,"column":15},"end":{"line":21,"column":29}},"locations":[{"start":{"line":21,"column":15},"end":{"line":21,"column":29}}]},"5":{"type":"branch","line":21,"loc":{"start":{"line":21,"column":31},"end":{"line":25,"column":3}},"locations":[{"start":{"line":21,"column":31},"end":{"line":25,"column":3}}]},"6":{"type":"branch","line":29,"loc":{"start":{"line":29,"column":26},"end":{"line":33,"column":2}},"locations":[{"start":{"line":29,"column":26},"end":{"line":33,"column":2}}]}},"b":{"0":[4],"1":[2],"2":[2],"3":[4],"4":[3],"5":[2],"6":[4]},"fnMap":{"0":{"name":"max","decl":{"start":{"line":18,"column":19},"end":{"line":18,"column":44}},"loc":{"start":{"line":18,"column":19},"end":{"line":18,"column":44}},"line":18},"1":{"name":"getMonth","decl":{"start":{"line":20,"column":25},"end":{"line":26,"column":1}},"loc":{"start":{"line":20,"column":25},"end":{"line":26,"column":1}},"line":20},"2":{"name":"isIncluded","decl":{"start":{"line":29,"column":26},"end":{"line":33,"column":2}},"loc":{"start":{"line":29,"column":26},"end":{"line":33,"column":2}},"line":29},"3":{"name":"task2","decl":{"start":{"line":35,"column":14},"end":{"line":42,"column":2}},"loc":{"start":{"line":35,"column":14},"end":{"line":42,"column":2}},"line":35}},"f":{"0":4,"1":4,"2":4,"3":0}}
,"E:\\projects\\homeWorkOtus\\src\\task3.js": {"path":"E:\\projects\\homeWorkOtus\\src\\task3.js","all":false,"statementMap":{"0":{"start":{"line":1,"column":0},"end":{"line":1,"column":56}},"1":{"start":{"line":2,"column":0},"end":{"line":2,"column":36}},"2":{"start":{"line":3,"column":0},"end":{"line":3,"column":15}},"3":{"start":{"line":4,"column":0},"end":{"line":4,"column":37}},"4":{"start":{"line":5,"column":0},"end":{"line":5,"column":13}},"5":{"start":{"line":6,"column":0},"end":{"line":6,"column":3}},"6":{"start":{"line":7,"column":0},"end":{"line":7,"column":12}},"7":{"start":{"line":8,"column":0},"end":{"line":8,"column":2}},"8":{"start":{"line":9,"column":0},"end":{"line":9,"column":0}},"9":{"start":{"line":10,"column":0},"end":{"line":10,"column":82}},"10":{"start":{"line":11,"column":0},"end":{"line":11,"column":42}},"11":{"start":{"line":12,"column":0},"end":{"line":12,"column":39}},"12":{"start":{"line":13,"column":0},"end":{"line":13,"column":34}},"13":{"start":{"line":14,"column":0},"end":{"line":14,"column":36}},"14":{"start":{"line":15,"column":0},"end":{"line":15,"column":3}},"15":{"start":{"line":16,"column":0},"end":{"line":16,"column":0}},"16":{"start":{"line":17,"column":0},"end":{"line":17,"column":21}},"17":{"start":{"line":18,"column":0},"end":{"line":18,"column":2}},"18":{"start":{"line":19,"column":0},"end":{"line":19,"column":0}},"19":{"start":{"line":20,"column":0},"end":{"line":20,"column":112}},"20":{"start":{"line":21,"column":0},"end":{"line":21,"column":38}},"21":{"start":{"line":22,"column":0},"end":{"line":22,"column":23}},"22":{"start":{"line":23,"column":0},"end":{"line":23,"column":14}},"23":{"start":{"line":24,"column":0},"end":{"line":24,"column":16}},"24":{"start":{"line":25,"column":0},"end":{"line":25,"column":34}},"25":{"start":{"line":26,"column":0},"end":{"line":26,"column":13}},"26":{"start":{"line":27,"column":0},"end":{"line":27,"column":15}},"27":{"start":{"line":28,"column":0},"end":{"line":28,"column":3}},"28":{"start":{"line":29,"column":0},"end":{"line":29,"column":21}},"29":{"start":{"line":30,"column":0},"end":{"line":30,"column":2}},"30":{"start":{"line":31,"column":0},"end":{"line":31,"column":0}},"31":{"start":{"line":32,"column":0},"end":{"line":32,"column":21}},"32":{"start":{"line":33,"column":0},"end":{"line":33,"column":72}},"33":{"start":{"line":34,"column":0},"end":{"line":34,"column":0}},"34":{"start":{"line":35,"column":0},"end":{"line":35,"column":24}},"35":{"start":{"line":36,"column":0},"end":{"line":36,"column":39}},"36":{"start":{"line":37,"column":0},"end":{"line":37,"column":80}},"37":{"start":{"line":38,"column":0},"end":{"line":38,"column":2}}},"s":{"0":1,"1":1,"2":1,"3":1,"4":49,"5":49,"6":1,"7":1,"8":1,"9":1,"10":1,"11":1,"12":1,"13":8,"14":8,"15":1,"16":1,"17":1,"18":1,"19":1,"20":1,"21":3,"22":2,"23":2,"24":3,"25":4,"26":4,"27":4,"28":2,"29":2,"30":1,"31":1,"32":0,"33":0,"34":0,"35":0,"36":0,"37":0},"branchMap":{"0":{"type":"branch","line":2,"loc":{"start":{"line":2,"column":29},"end":{"line":8,"column":2}},"locations":[{"start":{"line":2,"column":29},"end":{"line":8,"column":2}}]},"1":{"type":"branch","line":4,"loc":{"start":{"line":4,"column":36},"end":{"line":6,"column":3}},"locations":[{"start":{"line":4,"column":36},"end":{"line":6,"column":3}}]},"2":{"type":"branch","line":11,"loc":{"start":{"line":11,"column":35},"end":{"line":18,"column":2}},"locations":[{"start":{"line":11,"column":35},"end":{"line":18,"column":2}}]},"3":{"type":"branch","line":13,"loc":{"start":{"line":13,"column":33},"end":{"line":15,"column":3}},"locations":[{"start":{"line":13,"column":33},"end":{"line":15,"column":3}}]},"4":{"type":"branch","line":21,"loc":{"start":{"line":21,"column":31},"end":{"line":30,"column":2}},"locations":[{"start":{"line":21,"column":31},"end":{"line":30,"column":2}}]},"5":{"type":"branch","line":22,"loc":{"start":{"line":22,"column":14},"end":{"line":22,"column":23}},"locations":[{"start":{"line":22,"column":14},"end":{"line":22,"column":23}}]},"6":{"type":"branch","line":22,"loc":{"start":{"line":22,"column":22},"end":{"line":25,"column":33}},"locations":[{"start":{"line":22,"column":22},"end":{"line":25,"column":33}}]},"7":{"type":"branch","line":25,"loc":{"start":{"line":25,"column":33},"end":{"line":28,"column":3}},"locations":[{"start":{"line":25,"column":33},"end":{"line":28,"column":3}}]},"8":{"type":"branch","line":28,"loc":{"start":{"line":28,"column":2},"end":{"line":30,"column":2}},"locations":[{"start":{"line":28,"column":2},"end":{"line":30,"column":2}}]}},"b":{"0":[1],"1":[49],"2":[1],"3":[8],"4":[3],"5":[1],"6":[2],"7":[4],"8":[2]},"fnMap":{"0":{"name":"sumOfIntegers","decl":{"start":{"line":2,"column":29},"end":{"line":8,"column":2}},"loc":{"start":{"line":2,"column":29},"end":{"line":8,"column":2}},"line":2},"1":{"name":"multiplicationTable","decl":{"start":{"line":11,"column":35},"end":{"line":18,"column":2}},"loc":{"start":{"line":11,"column":35},"end":{"line":18,"column":2}},"line":11},"2":{"name":"arithmeticMean","decl":{"start":{"line":21,"column":31},"end":{"line":30,"column":2}},"loc":{"start":{"line":21,"column":31},"end":{"line":30,"column":2}},"line":21},"3":{"name":"task3","decl":{"start":{"line":32,"column":14},"end":{"line":38,"column":2}},"loc":{"start":{"line":32,"column":14},"end":{"line":38,"column":2}},"line":32}},"f":{"0":1,"1":1,"2":3,"3":0}}
,"E:\\projects\\homeWorkOtus\\src\\task4.js": {"path":"E:\\projects\\homeWorkOtus\\src\\task4.js","all":false,"statementMap":{"0":{"start":{"line":1,"column":0},"end":{"line":1,"column":37}},"1":{"start":{"line":2,"column":0},"end":{"line":2,"column":17}},"2":{"start":{"line":3,"column":0},"end":{"line":3,"column":9}},"3":{"start":{"line":4,"column":0},"end":{"line":4,"column":4}},"4":{"start":{"line":5,"column":0},"end":{"line":5,"column":0}},"5":{"start":{"line":6,"column":0},"end":{"line":6,"column":44}},"6":{"start":{"line":7,"column":0},"end":{"line":7,"column":23}},"7":{"start":{"line":8,"column":0},"end":{"line":8,"column":0}},"8":{"start":{"line":9,"column":0},"end":{"line":9,"column":13}},"9":{"start":{"line":10,"column":0},"end":{"line":10,"column":1}},"10":{"start":{"line":11,"column":0},"end":{"line":11,"column":0}},"11":{"start":{"line":12,"column":0},"end":{"line":12,"column":35}},"12":{"start":{"line":13,"column":0},"end":{"line":13,"column":21}},"13":{"start":{"line":14,"column":0},"end":{"line":14,"column":14}},"14":{"start":{"line":15,"column":0},"end":{"line":15,"column":1}},"15":{"start":{"line":16,"column":0},"end":{"line":16,"column":0}},"16":{"start":{"line":17,"column":0},"end":{"line":17,"column":40}},"17":{"start":{"line":18,"column":0},"end":{"line":18,"column":31}},"18":{"start":{"line":19,"column":0},"end":{"line":19,"column":19}},"19":{"start":{"line":20,"column":0},"end":{"line":20,"column":18}},"20":{"start":{"line":21,"column":0},"end":{"line":21,"column":19}},"21":{"start":{"line":22,"column":0},"end":{"line":22,"column":1}},"22":{"start":{"line":23,"column":0},"end":{"line":23,"column":0}},"23":{"start":{"line":24,"column":0},"end":{"line":24,"column":28}},"24":{"start":{"line":25,"column":0},"end":{"line":25,"column":0}},"25":{"start":{"line":26,"column":0},"end":{"line":26,"column":33}},"26":{"start":{"line":27,"column":0},"end":{"line":27,"column":46}},"27":{"start":{"line":28,"column":0},"end":{"line":28,"column":20}},"28":{"start":{"line":29,"column":0},"end":{"line":29,"column":25}},"29":{"start":{"line":30,"column":0},"end":{"line":30,"column":28}},"30":{"start":{"line":31,"column":0},"end":{"line":31,"column":36}},"31":{"start":{"line":32,"column":0},"end":{"line":32,"column":27}},"32":{"start":{"line":33,"column":0},"end":{"line":33,"column":2}}},"s":{"0":1,"1":4,"2":4,"3":4,"4":4,"5":4,"6":4,"7":4,"8":4,"9":4,"10":1,"11":1,"12":3,"13":3,"14":3,"15":1,"16":1,"17":2,"18":2,"19":2,"20":2,"21":2,"22":1,"23":1,"24":1,"25":1,"26":1,"27":1,"28":1,"29":1,"30":1,"31":1,"32":1},"branchMap":{"0":{"type":"branch","line":1,"loc":{"start":{"line":1,"column":27},"end":{"line":10,"column":1}},"locations":[{"start":{"line":1,"column":27},"end":{"line":10,"column":1}}]},"1":{"type":"branch","line":12,"loc":{"start":{"line":12,"column":25},"end":{"line":15,"column":1}},"locations":[{"start":{"line":12,"column":25},"end":{"line":15,"column":1}}]},"2":{"type":"branch","line":17,"loc":{"start":{"line":17,"column":30},"end":{"line":22,"column":1}},"locations":[{"start":{"line":17,"column":30},"end":{"line":22,"column":1}}]},"3":{"type":"branch","line":24,"loc":{"start":{"line":24,"column":21},"end":{"line":33,"column":2}},"locations":[{"start":{"line":24,"column":21},"end":{"line":33,"column":2}}]}},"b":{"0":[4],"1":[3],"2":[2],"3":[1]},"fnMap":{"0":{"name":"createUser","decl":{"start":{"line":1,"column":27},"end":{"line":10,"column":1}},"loc":{"start":{"line":1,"column":27},"end":{"line":10,"column":1}},"line":1},"1":{"name":"addAdmin","decl":{"start":{"line":12,"column":25},"end":{"line":15,"column":1}},"loc":{"start":{"line":12,"column":25},"end":{"line":15,"column":1}},"line":12},"2":{"name":"destructuring","decl":{"start":{"line":17,"column":30},"end":{"line":22,"column":1}},"loc":{"start":{"line":17,"column":30},"end":{"line":22,"column":1}},"line":17},"3":{"name":"task4","decl":{"start":{"line":24,"column":21},"end":{"line":33,"column":2}},"loc":{"start":{"line":24,"column":21},"end":{"line":33,"column":2}},"line":24}},"f":{"0":4,"1":3,"2":2,"3":1}}
,"E:\\projects\\homeWorkOtus\\src\\task5.js": {"path":"E:\\projects\\homeWorkOtus\\src\\task5.js","all":false,"statementMap":{"0":{"start":{"line":1,"column":0},"end":{"line":1,"column":73}},"1":{"start":{"line":2,"column":0},"end":{"line":2,"column":0}},"2":{"start":{"line":3,"column":0},"end":{"line":3,"column":53}},"3":{"start":{"line":4,"column":0},"end":{"line":4,"column":0}},"4":{"start":{"line":5,"column":0},"end":{"line":5,"column":35}},"5":{"start":{"line":6,"column":0},"end":{"line":6,"column":19}},"6":{"start":{"line":7,"column":0},"end":{"line":7,"column":19}},"7":{"start":{"line":8,"column":0},"end":{"line":8,"column":0}},"8":{"start":{"line":9,"column":0},"end":{"line":9,"column":43}},"9":{"start":{"line":10,"column":0},"end":{"line":10,"column":23}},"10":{"start":{"line":11,"column":0},"end":{"line":11,"column":19}},"11":{"start":{"line":12,"column":0},"end":{"line":12,"column":15}},"12":{"start":{"line":13,"column":0},"end":{"line":13,"column":5}},"13":{"start":{"line":14,"column":0},"end":{"line":14,"column":23}},"14":{"start":{"line":15,"column":0},"end":{"line":15,"column":19}},"15":{"start":{"line":16,"column":0},"end":{"line":16,"column":5}},"16":{"start":{"line":17,"column":0},"end":{"line":17,"column":3}},"17":{"start":{"line":18,"column":0},"end":{"line":18,"column":0}},"18":{"start":{"line":19,"column":0},"end":{"line":19,"column":21}},"19":{"start":{"line":20,"column":0},"end":{"line":20,"column":1}},"20":{"start":{"line":21,"column":0},"end":{"line":21,"column":0}},"21":{"start":{"line":22,"column":0},"end":{"line":22,"column":21}},"22":{"start":{"line":23,"column":0},"end":{"line":23,"column":46}},"23":{"start":{"line":24,"column":0},"end":{"line":24,"column":39}},"24":{"start":{"line":25,"column":0},"end":{"line":25,"column":65}},"25":{"start":{"line":26,"column":0},"end":{"line":26,"column":46}},"26":{"start":{"line":27,"column":0},"end":{"line":27,"column":0}},"27":{"start":{"line":28,"column":0},"end":{"line":28,"column":34}},"28":{"start":{"line":29,"column":0},"end":{"line":29,"column":36}},"29":{"start":{"line":30,"column":0},"end":{"line":30,"column":36}},"30":{"start":{"line":31,"column":0},"end":{"line":31,"column":2}}},"s":{"0":1,"1":1,"2":1,"3":1,"4":1,"5":3,"6":3,"7":3,"8":3,"9":9,"10":1,"11":1,"12":1,"13":9,"14":5,"15":5,"16":9,"17":3,"18":3,"19":3,"20":1,"21":1,"22":0,"23":0,"24":0,"25":0,"26":0,"27":0,"28":0,"29":0,"30":0},"branchMap":{"0":{"type":"branch","line":1,"loc":{"start":{"line":1,"column":28},"end":{"line":1,"column":73}},"locations":[{"start":{"line":1,"column":28},"end":{"line":1,"column":73}}]},"1":{"type":"branch","line":1,"loc":{"start":{"line":1,"column":47},"end":{"line":1,"column":69}},"locations":[{"start":{"line":1,"column":47},"end":{"line":1,"column":69}}]},"2":{"type":"branch","line":3,"loc":{"start":{"line":3,"column":22},"end":{"line":3,"column":53}},"locations":[{"start":{"line":3,"column":22},"end":{"line":3,"column":53}}]},"3":{"type":"branch","line":3,"loc":{"start":{"line":3,"column":39},"end":{"line":3,"column":52}},"locations":[{"start":{"line":3,"column":39},"end":{"line":3,"column":52}}]},"4":{"type":"branch","line":5,"loc":{"start":{"line":5,"column":26},"end":{"line":20,"column":1}},"locations":[{"start":{"line":5,"column":26},"end":{"line":20,"column":1}}]},"5":{"type":"branch","line":9,"loc":{"start":{"line":9,"column":42},"end":{"line":17,"column":3}},"locations":[{"start":{"line":9,"column":42},"end":{"line":17,"column":3}}]},"6":{"type":"branch","line":10,"loc":{"start":{"line":10,"column":22},"end":{"line":13,"column":5}},"locations":[{"start":{"line":10,"column":22},"end":{"line":13,"column":5}}]},"7":{"type":"branch","line":13,"loc":{"start":{"line":13,"column":4},"end":{"line":14,"column":22}},"locations":[{"start":{"line":13,"column":4},"end":{"line":14,"column":22}}]},"8":{"type":"branch","line":14,"loc":{"start":{"line":14,"column":22},"end":{"line":16,"column":5}},"locations":[{"start":{"line":14,"column":22},"end":{"line":16,"column":5}}]}},"b":{"0":[3],"1":[8],"2":[2],"3":[8],"4":[3],"5":[9],"6":[1],"7":[8],"8":[5]},"fnMap":{"0":{"name":"sumAllElArr","decl":{"start":{"line":1,"column":28},"end":{"line":1,"column":73}},"loc":{"start":{"line":1,"column":28},"end":{"line":1,"column":73}},"line":1},"1":{"name":"arrX2","decl":{"start":{"line":3,"column":22},"end":{"line":3,"column":53}},"loc":{"start":{"line":3,"column":22},"end":{"line":3,"column":53}},"line":3},"2":{"name":"maxMinArr","decl":{"start":{"line":5,"column":26},"end":{"line":20,"column":1}},"loc":{"start":{"line":5,"column":26},"end":{"line":20,"column":1}},"line":5},"3":{"name":"task5","decl":{"start":{"line":22,"column":14},"end":{"line":31,"column":2}},"loc":{"start":{"line":22,"column":14},"end":{"line":31,"column":2}},"line":22}},"f":{"0":3,"1":2,"2":3,"3":0}}
,"E:\\projects\\homeWorkOtus\\src\\task6.js": {"path":"E:\\projects\\homeWorkOtus\\src\\task6.js","all":false,"statementMap":{"0":{"start":{"line":1,"column":0},"end":{"line":1,"column":46}},"1":{"start":{"line":2,"column":0},"end":{"line":2,"column":0}},"2":{"start":{"line":3,"column":0},"end":{"line":3,"column":78}},"3":{"start":{"line":4,"column":0},"end":{"line":4,"column":0}},"4":{"start":{"line":5,"column":0},"end":{"line":5,"column":36}}},"s":{"0":1,"1":1,"2":1,"3":1,"4":1},"branchMap":{"0":{"type":"branch","line":1,"loc":{"start":{"line":1,"column":20},"end":{"line":1,"column":45}},"locations":[{"start":{"line":1,"column":20},"end":{"line":1,"column":45}}]},"1":{"type":"branch","line":3,"loc":{"start":{"line":3,"column":23},"end":{"line":3,"column":77}},"locations":[{"start":{"line":3,"column":23},"end":{"line":3,"column":77}}]},"2":{"type":"branch","line":3,"loc":{"start":{"line":3,"column":38},"end":{"line":3,"column":77}},"locations":[{"start":{"line":3,"column":38},"end":{"line":3,"column":77}}]},"3":{"type":"branch","line":5,"loc":{"start":{"line":5,"column":19},"end":{"line":5,"column":35}},"locations":[{"start":{"line":5,"column":19},"end":{"line":5,"column":35}}]}},"b":{"0":[4],"1":[4],"2":[3],"3":[3]},"fnMap":{"0":{"name":"diff","decl":{"start":{"line":1,"column":20},"end":{"line":1,"column":45}},"loc":{"start":{"line":1,"column":20},"end":{"line":1,"column":45}},"line":1},"1":{"name":"isWord","decl":{"start":{"line":3,"column":23},"end":{"line":3,"column":77}},"loc":{"start":{"line":3,"column":23},"end":{"line":3,"column":77}},"line":3},"2":{"name":"pow","decl":{"start":{"line":5,"column":19},"end":{"line":5,"column":35}},"loc":{"start":{"line":5,"column":19},"end":{"line":5,"column":35}},"line":5}},"f":{"0":4,"1":4,"2":3}}
,"E:\\projects\\homeWorkOtus\\src\\task8.js": {"path":"E:\\projects\\homeWorkOtus\\src\\task8.js","all":false,"statementMap":{"0":{"start":{"line":1,"column":0},"end":{"line":1,"column":97}},"1":{"start":{"line":2,"column":0},"end":{"line":2,"column":0}},"2":{"start":{"line":3,"column":0},"end":{"line":3,"column":35}},"3":{"start":{"line":4,"column":0},"end":{"line":4,"column":46}},"4":{"start":{"line":5,"column":0},"end":{"line":5,"column":45}},"5":{"start":{"line":6,"column":0},"end":{"line":6,"column":1}},"6":{"start":{"line":7,"column":0},"end":{"line":7,"column":0}},"7":{"start":{"line":8,"column":0},"end":{"line":8,"column":55}},"8":{"start":{"line":9,"column":0},"end":{"line":9,"column":0}},"9":{"start":{"line":10,"column":0},"end":{"line":10,"column":35}},"10":{"start":{"line":11,"column":0},"end":{"line":11,"column":18}},"11":{"start":{"line":12,"column":0},"end":{"line":12,"column":1}},"12":{"start":{"line":13,"column":0},"end":{"line":13,"column":0}},"13":{"start":{"line":14,"column":0},"end":{"line":14,"column":31}},"14":{"start":{"line":15,"column":0},"end":{"line":15,"column":32}},"15":{"start":{"line":16,"column":0},"end":{"line":16,"column":35}},"16":{"start":{"line":17,"column":0},"end":{"line":17,"column":38}},"17":{"start":{"line":18,"column":0},"end":{"line":18,"column":40}},"18":{"start":{"line":19,"column":0},"end":{"line":19,"column":25}},"19":{"start":{"line":20,"column":0},"end":{"line":20,"column":29}},"20":{"start":{"line":21,"column":0},"end":{"line":21,"column":27}},"21":{"start":{"line":22,"column":0},"end":{"line":22,"column":59}},"22":{"start":{"line":23,"column":0},"end":{"line":23,"column":35}},"23":{"start":{"line":24,"column":0},"end":{"line":24,"column":37}},"24":{"start":{"line":25,"column":0},"end":{"line":25,"column":25}},"25":{"start":{"line":26,"column":0},"end":{"line":26,"column":2}},"26":{"start":{"line":27,"column":0},"end":{"line":27,"column":0}},"27":{"start":{"line":28,"column":0},"end":{"line":28,"column":56}},"28":{"start":{"line":29,"column":0},"end":{"line":29,"column":41}},"29":{"start":{"line":30,"column":0},"end":{"line":30,"column":28}},"30":{"start":{"line":31,"column":0},"end":{"line":31,"column":5}},"31":{"start":{"line":32,"column":0},"end":{"line":32,"column":0}},"32":{"start":{"line":33,"column":0},"end":{"line":33,"column":28}},"33":{"start":{"line":34,"column":0},"end":{"line":34,"column":62}},"34":{"start":{"line":35,"column":0},"end":{"line":35,"column":30}},"35":{"start":{"line":36,"column":0},"end":{"line":36,"column":34}},"36":{"start":{"line":37,"column":0},"end":{"line":37,"column":0}},"37":{"start":{"line":38,"column":0},"end":{"line":38,"column":59}},"38":{"start":{"line":39,"column":0},"end":{"line":39,"column":0}},"39":{"start":{"line":40,"column":0},"end":{"line":40,"column":44}},"40":{"start":{"line":41,"column":0},"end":{"line":41,"column":95}},"41":{"start":{"line":42,"column":0},"end":{"line":42,"column":2}}},"s":{"0":1,"1":1,"2":1,"3":1,"4":1,"5":1,"6":1,"7":1,"8":1,"9":1,"10":3,"11":3,"12":1,"13":1,"14":1,"15":1,"16":1,"17":1,"18":1,"19":1,"20":1,"21":1,"22":1,"23":1,"24":1,"25":1,"26":1,"27":1,"28":1,"29":1,"30":1,"31":1,"32":1,"33":0,"34":0,"35":0,"36":0,"37":0,"38":0,"39":0,"40":0,"41":0},"branchMap":{"0":{"type":"branch","line":3,"loc":{"start":{"line":3,"column":24},"end":{"line":6,"column":1}},"locations":[{"start":{"line":3,"column":24},"end":{"line":6,"column":1}}]},"1":{"type":"branch","line":8,"loc":{"start":{"line":8,"column":23},"end":{"line":8,"column":55}},"locations":[{"start":{"line":8,"column":23},"end":{"line":8,"column":55}}]},"2":{"type":"branch","line":10,"loc":{"start":{"line":10,"column":26},"end":{"line":12,"column":1}},"locations":[{"start":{"line":10,"column":26},"end":{"line":12,"column":1}}]},"3":{"type":"branch","line":14,"loc":{"start":{"line":14,"column":24},"end":{"line":26,"column":2}},"locations":[{"start":{"line":14,"column":24},"end":{"line":26,"column":2}}]}},"b":{"0":[1],"1":[1],"2":[3],"3":[1]},"fnMap":{"0":{"name":"getDate","decl":{"start":{"line":3,"column":24},"end":{"line":6,"column":1}},"loc":{"start":{"line":3,"column":24},"end":{"line":6,"column":1}},"line":3},"1":{"name":"getDay","decl":{"start":{"line":8,"column":23},"end":{"line":8,"column":55}},"loc":{"start":{"line":8,"column":23},"end":{"line":8,"column":55}},"line":8},"2":{"name":"dayOfWeek","decl":{"start":{"line":10,"column":26},"end":{"line":12,"column":1}},"loc":{"start":{"line":10,"column":26},"end":{"line":12,"column":1}},"line":10},"3":{"name":"diffDate","decl":{"start":{"line":14,"column":24},"end":{"line":26,"column":2}},"loc":{"start":{"line":14,"column":24},"end":{"line":26,"column":2}},"line":14},"4":{"name":"task8","decl":{"start":{"line":33,"column":21},"end":{"line":42,"column":2}},"loc":{"start":{"line":33,"column":21},"end":{"line":42,"column":2}},"line":33}},"f":{"0":1,"1":1,"2":3,"3":1,"4":0}}
,"E:\\projects\\homeWorkOtus\\src\\task9.js": {"path":"E:\\projects\\homeWorkOtus\\src\\task9.js","all":false,"statementMap":{"0":{"start":{"line":1,"column":0},"end":{"line":1,"column":43}},"1":{"start":{"line":2,"column":0},"end":{"line":2,"column":55}},"2":{"start":{"line":3,"column":0},"end":{"line":3,"column":23}},"3":{"start":{"line":4,"column":0},"end":{"line":4,"column":38}},"4":{"start":{"line":5,"column":0},"end":{"line":5,"column":25}},"5":{"start":{"line":6,"column":0},"end":{"line":6,"column":38}},"6":{"start":{"line":7,"column":0},"end":{"line":7,"column":25}},"7":{"start":{"line":8,"column":0},"end":{"line":8,"column":38}},"8":{"start":{"line":9,"column":0},"end":{"line":9,"column":3}},"9":{"start":{"line":10,"column":0},"end":{"line":10,"column":15}},"10":{"start":{"line":11,"column":0},"end":{"line":11,"column":2}},"11":{"start":{"line":12,"column":0},"end":{"line":12,"column":0}},"12":{"start":{"line":13,"column":0},"end":{"line":13,"column":29}},"13":{"start":{"line":14,"column":0},"end":{"line":14,"column":97}},"14":{"start":{"line":15,"column":0},"end":{"line":15,"column":28}},"15":{"start":{"line":16,"column":0},"end":{"line":16,"column":33}},"16":{"start":{"line":17,"column":0},"end":{"line":17,"column":18}},"17":{"start":{"line":18,"column":0},"end":{"line":18,"column":2}},"18":{"start":{"line":19,"column":0},"end":{"line":19,"column":21}},"19":{"start":{"line":20,"column":0},"end":{"line":20,"column":14}},"20":{"start":{"line":21,"column":0},"end":{"line":21,"column":15}},"21":{"start":{"line":22,"column":0},"end":{"line":22,"column":15}},"22":{"start":{"line":23,"column":0},"end":{"line":23,"column":14}},"23":{"start":{"line":24,"column":0},"end":{"line":24,"column":56}},"24":{"start":{"line":25,"column":0},"end":{"line":25,"column":27}},"25":{"start":{"line":26,"column":0},"end":{"line":26,"column":4}},"26":{"start":{"line":27,"column":0},"end":{"line":27,"column":0}},"27":{"start":{"line":28,"column":0},"end":{"line":28,"column":47}},"28":{"start":{"line":29,"column":0},"end":{"line":29,"column":71}},"29":{"start":{"line":30,"column":0},"end":{"line":30,"column":2}}},"s":{"0":1,"1":2,"2":2,"3":0,"4":2,"5":0,"6":2,"7":2,"8":2,"9":0,"10":0,"11":1,"12":1,"13":3,"14":3,"15":3,"16":3,"17":3,"18":1,"19":0,"20":0,"21":0,"22":0,"23":0,"24":0,"25":0,"26":0,"27":0,"28":0,"29":0},"branchMap":{"0":{"type":"branch","line":1,"loc":{"start":{"line":1,"column":29},"end":{"line":11,"column":2}},"locations":[{"start":{"line":1,"column":29},"end":{"line":11,"column":2}}]},"1":{"type":"branch","line":3,"loc":{"start":{"line":3,"column":11},"end":{"line":3,"column":20}},"locations":[{"start":{"line":3,"column":11},"end":{"line":3,"column":20}}]},"2":{"type":"branch","line":3,"loc":{"start":{"line":3,"column":22},"end":{"line":5,"column":4}},"locations":[{"start":{"line":3,"column":22},"end":{"line":5,"column":4}}]},"3":{"type":"branch","line":5,"loc":{"start":{"line":5,"column":13},"end":{"line":5,"column":22}},"locations":[{"start":{"line":5,"column":13},"end":{"line":5,"column":22}}]},"4":{"type":"branch","line":5,"loc":{"start":{"line":5,"column":24},"end":{"line":7,"column":4}},"locations":[{"start":{"line":5,"column":24},"end":{"line":7,"column":4}}]},"5":{"type":"branch","line":9,"loc":{"start":{"line":9,"column":2},"end":{"line":11,"column":2}},"locations":[{"start":{"line":9,"column":2},"end":{"line":11,"column":2}}]},"6":{"type":"branch","line":13,"loc":{"start":{"line":13,"column":22},"end":{"line":18,"column":2}},"locations":[{"start":{"line":13,"column":22},"end":{"line":18,"column":2}}]}},"b":{"0":[2],"1":[1],"2":[0],"3":[1],"4":[0],"5":[0],"6":[3]},"fnMap":{"0":{"name":"isRectangular","decl":{"start":{"line":1,"column":29},"end":{"line":11,"column":2}},"loc":{"start":{"line":1,"column":29},"end":{"line":11,"column":2}},"line":1},"1":{"name":"sAndL","decl":{"start":{"line":13,"column":22},"end":{"line":18,"column":2}},"loc":{"start":{"line":13,"column":22},"end":{"line":18,"column":2}},"line":13},"2":{"name":"task9","decl":{"start":{"line":19,"column":14},"end":{"line":30,"column":2}},"loc":{"start":{"line":19,"column":14},"end":{"line":30,"column":2}},"line":19}},"f":{"0":2,"1":3,"2":0}}
,"E:\\projects\\homeWorkOtus\\src\\task7\\index.js": {"path":"E:\\projects\\homeWorkOtus\\src\\task7\\index.js","all":false,"statementMap":{"0":{"start":{"line":1,"column":0},"end":{"line":1,"column":43}},"1":{"start":{"line":2,"column":0},"end":{"line":2,"column":0}},"2":{"start":{"line":3,"column":0},"end":{"line":3,"column":33}},"3":{"start":{"line":4,"column":0},"end":{"line":4,"column":18}},"4":{"start":{"line":5,"column":0},"end":{"line":5,"column":30}},"5":{"start":{"line":6,"column":0},"end":{"line":6,"column":44}},"6":{"start":{"line":7,"column":0},"end":{"line":7,"column":77}},"7":{"start":{"line":8,"column":0},"end":{"line":8,"column":2}},"8":{"start":{"line":9,"column":0},"end":{"line":9,"column":0}},"9":{"start":{"line":10,"column":0},"end":{"line":10,"column":48}},"10":{"start":{"line":11,"column":0},"end":{"line":11,"column":53}},"11":{"start":{"line":12,"column":0},"end":{"line":12,"column":48}},"12":{"start":{"line":13,"column":0},"end":{"line":13,"column":33}},"13":{"start":{"line":14,"column":0},"end":{"line":14,"column":4}},"14":{"start":{"line":15,"column":0},"end":{"line":15,"column":0}},"15":{"start":{"line":16,"column":0},"end":{"line":16,"column":39}},"16":{"start":{"line":17,"column":0},"end":{"line":17,"column":15}},"17":{"start":{"line":18,"column":0},"end":{"line":18,"column":4}},"18":{"start":{"line":19,"column":0},"end":{"line":19,"column":1}},"19":{"start":{"line":20,"column":0},"end":{"line":20,"column":0}},"20":{"start":{"line":21,"column":0},"end":{"line":21,"column":20}},"21":{"start":{"line":22,"column":0},"end":{"line":22,"column":0}},"22":{"start":{"line":23,"column":0},"end":{"line":23,"column":0}},"23":{"start":{"line":24,"column":0},"end":{"line":24,"column":41}},"24":{"start":{"line":25,"column":0},"end":{"line":25,"column":21}},"25":{"start":{"line":26,"column":0},"end":{"line":26,"column":14}},"26":{"start":{"line":27,"column":0},"end":{"line":27,"column":23}},"27":{"start":{"line":28,"column":0},"end":{"line":28,"column":10}},"28":{"start":{"line":29,"column":0},"end":{"line":29,"column":22}},"29":{"start":{"line":30,"column":0},"end":{"line":30,"column":3}},"30":{"start":{"line":31,"column":0},"end":{"line":31,"column":2}},"31":{"start":{"line":32,"column":0},"end":{"line":32,"column":0}},"32":{"start":{"line":33,"column":0},"end":{"line":33,"column":32}},"33":{"start":{"line":34,"column":0},"end":{"line":34,"column":40}},"34":{"start":{"line":35,"column":0},"end":{"line":35,"column":27}},"35":{"start":{"line":36,"column":0},"end":{"line":36,"column":22}},"36":{"start":{"line":37,"column":0},"end":{"line":37,"column":2}},"37":{"start":{"line":38,"column":0},"end":{"line":38,"column":0}},"38":{"start":{"line":39,"column":0},"end":{"line":39,"column":14}}},"s":{"0":1,"1":1,"2":1,"3":5,"4":5,"5":5,"6":5,"7":5,"8":5,"9":5,"10":5,"11":5,"12":0,"13":5,"14":5,"15":5,"16":0,"17":5,"18":5,"19":1,"20":1,"21":1,"22":1,"23":1,"24":2,"25":2,"26":1,"27":1,"28":1,"29":1,"30":2,"31":1,"32":1,"33":1,"34":1,"35":1,"36":1,"37":1,"38":1},"branchMap":{"0":{"type":"branch","line":3,"loc":{"start":{"line":3,"column":25},"end":{"line":19,"column":1}},"locations":[{"start":{"line":3,"column":25},"end":{"line":19,"column":1}}]},"1":{"type":"branch","line":24,"loc":{"start":{"line":24,"column":24},"end":{"line":31,"column":2}},"locations":[{"start":{"line":24,"column":24},"end":{"line":31,"column":2}}]},"2":{"type":"branch","line":26,"loc":{"start":{"line":26,"column":13},"end":{"line":30,"column":3}},"locations":[{"start":{"line":26,"column":13},"end":{"line":30,"column":3}}]},"3":{"type":"branch","line":33,"loc":{"start":{"line":33,"column":22},"end":{"line":37,"column":2}},"locations":[{"start":{"line":33,"column":22},"end":{"line":37,"column":2}}]}},"b":{"0":[5],"1":[2],"2":[1],"3":[1]},"fnMap":{"0":{"name":"createUI","decl":{"start":{"line":3,"column":25},"end":{"line":19,"column":1}},"loc":{"start":{"line":3,"column":25},"end":{"line":19,"column":1}},"line":3},"1":{"name":"onChange","decl":{"start":{"line":24,"column":24},"end":{"line":31,"column":2}},"loc":{"start":{"line":24,"column":24},"end":{"line":31,"column":2}},"line":24},"2":{"name":"addPr","decl":{"start":{"line":33,"column":22},"end":{"line":37,"column":2}},"loc":{"start":{"line":33,"column":22},"end":{"line":37,"column":2}},"line":33}},"f":{"0":5,"1":2,"2":1}}
}
