TN:
SF:src\task1.js
FN:2,sum
FN:5,sumStrLen
FN:8,sumStrNum
FN:10,task1
FNF:4
FNH:3
FNDA:4,sum
FNDA:3,sumStrLen
FNDA:5,sumStrNum
FNDA:0,task1
DA:1,1
DA:2,1
DA:3,1
DA:4,1
DA:5,1
DA:6,1
DA:7,1
DA:8,1
DA:9,1
DA:10,1
DA:11,0
DA:12,0
DA:13,0
DA:14,0
DA:15,0
DA:16,0
DA:17,1
DA:18,1
LF:18
LH:12
BRDA:2,0,0,4
BRDA:5,1,0,3
BRDA:8,2,0,5
BRDA:8,3,0,12
BRF:4
BRH:4
end_of_record
TN:
SF:src\task10.js
FN:1,task10
FNF:1
FNH:1
FNDA:3,task10
DA:1,1
DA:2,3
DA:3,3
DA:4,3
DA:5,3
DA:6,3
DA:7,3
DA:8,3
DA:9,3
DA:10,3
LF:10
LH:10
BRDA:1,0,0,3
BRF:1
BRH:1
end_of_record
TN:
SF:src\task2.js
FN:18,max
FN:20,getMonth
FN:29,isIncluded
FN:35,task2
FNF:4
FNH:3
FNDA:4,max
FNDA:4,getMonth
FNDA:4,isIncluded
FNDA:0,task2
DA:1,1
DA:2,1
DA:3,1
DA:4,1
DA:5,1
DA:6,1
DA:7,1
DA:8,1
DA:9,1
DA:10,1
DA:11,1
DA:12,1
DA:13,1
DA:14,1
DA:15,1
DA:16,1
DA:17,1
DA:18,1
DA:19,1
DA:20,1
DA:21,4
DA:22,2
DA:23,2
DA:24,2
DA:25,2
DA:26,4
DA:27,1
DA:28,1
DA:29,1
DA:30,4
DA:31,4
DA:32,4
DA:33,4
DA:34,1
DA:35,1
DA:36,0
DA:37,0
DA:38,0
DA:39,0
DA:40,0
DA:41,0
DA:42,0
LF:42
LH:35
BRDA:18,0,0,4
BRDA:18,1,0,2
BRDA:18,2,0,2
BRDA:20,3,0,4
BRDA:21,4,0,3
BRDA:21,5,0,2
BRDA:29,6,0,4
BRF:7
BRH:7
end_of_record
TN:
SF:src\task3.js
FN:2,sumOfIntegers
FN:11,multiplicationTable
FN:19,arithmeticMean
FN:30,task3
FNF:4
FNH:3
FNDA:1,sumOfIntegers
FNDA:1,multiplicationTable
FNDA:3,arithmeticMean
FNDA:0,task3
DA:1,1
DA:2,1
DA:3,1
DA:4,1
DA:5,49
DA:6,49
DA:7,1
DA:8,1
DA:9,1
DA:10,1
DA:11,1
DA:12,1
DA:13,1
DA:14,8
DA:15,8
DA:16,1
DA:17,1
DA:18,1
DA:19,1
DA:20,3
DA:21,2
DA:22,2
DA:23,3
DA:24,4
DA:25,4
DA:26,4
DA:27,2
DA:28,2
DA:29,1
DA:30,1
DA:31,0
DA:32,0
DA:33,0
DA:34,0
DA:35,0
DA:36,0
LF:36
LH:30
BRDA:2,0,0,1
BRDA:4,1,0,49
BRDA:11,2,0,1
BRDA:13,3,0,8
BRDA:19,4,0,3
BRDA:20,5,0,1
BRDA:20,6,0,2
BRDA:23,7,0,4
BRDA:26,8,0,2
BRF:9
BRH:9
end_of_record
TN:
SF:src\task4.js
FN:1,createUser
FN:12,addAdmin
FN:17,destructuring
FN:24,task4
FNF:4
FNH:4
FNDA:4,createUser
FNDA:3,addAdmin
FNDA:2,destructuring
FNDA:1,task4
DA:1,1
DA:2,4
DA:3,4
DA:4,4
DA:5,4
DA:6,4
DA:7,4
DA:8,4
DA:9,4
DA:10,4
DA:11,1
DA:12,1
DA:13,3
DA:14,3
DA:15,3
DA:16,1
DA:17,1
DA:18,2
DA:19,2
DA:20,2
DA:21,2
DA:22,2
DA:23,1
DA:24,1
DA:25,1
DA:26,1
DA:27,1
DA:28,1
DA:29,1
DA:30,1
DA:31,1
DA:32,1
DA:33,1
LF:33
LH:33
BRDA:1,0,0,4
BRDA:12,1,0,3
BRDA:17,2,0,2
BRDA:24,3,0,1
BRF:4
BRH:4
end_of_record
TN:
SF:src\task5.js
FN:1,sumAllElArr
FN:3,arrX2
FN:5,maxMinArr
FN:22,task5
FNF:4
FNH:3
FNDA:3,sumAllElArr
FNDA:2,arrX2
FNDA:3,maxMinArr
FNDA:0,task5
DA:1,1
DA:2,1
DA:3,1
DA:4,1
DA:5,1
DA:6,3
DA:7,3
DA:8,3
DA:9,3
DA:10,9
DA:11,1
DA:12,1
DA:13,1
DA:14,9
DA:15,5
DA:16,5
DA:17,9
DA:18,3
DA:19,3
DA:20,3
DA:21,1
DA:22,1
DA:23,0
DA:24,0
DA:25,0
DA:26,0
DA:27,0
DA:28,0
DA:29,0
DA:30,0
DA:31,0
LF:31
LH:22
BRDA:1,0,0,3
BRDA:1,1,0,8
BRDA:3,2,0,2
BRDA:3,3,0,8
BRDA:5,4,0,3
BRDA:9,5,0,9
BRDA:10,6,0,1
BRDA:13,7,0,8
BRDA:14,8,0,5
BRF:9
BRH:9
end_of_record
TN:
SF:src\task6.js
FN:1,diff
FN:3,isWord
FN:5,pow
FNF:3
FNH:3
FNDA:4,diff
FNDA:4,isWord
FNDA:3,pow
DA:1,1
DA:2,1
DA:3,1
DA:4,1
DA:5,1
LF:5
LH:5
BRDA:1,0,0,4
BRDA:3,1,0,4
BRDA:3,2,0,3
BRDA:5,3,0,3
BRF:4
BRH:4
end_of_record
TN:
SF:src\task8.js
FN:3,getDate
FN:8,getDay
FN:10,dayOfWeek
FN:14,diffDate
FN:33,task8
FNF:5
FNH:4
FNDA:1,getDate
FNDA:1,getDay
FNDA:3,dayOfWeek
FNDA:1,diffDate
FNDA:0,task8
DA:1,1
DA:2,1
DA:3,1
DA:4,1
DA:5,1
DA:6,1
DA:7,1
DA:8,1
DA:9,1
DA:10,1
DA:11,3
DA:12,3
DA:13,1
DA:14,1
DA:15,1
DA:16,1
DA:17,1
DA:18,1
DA:19,1
DA:20,1
DA:21,1
DA:22,1
DA:23,1
DA:24,1
DA:25,1
DA:26,1
DA:27,1
DA:28,1
DA:29,1
DA:30,1
DA:31,1
DA:32,1
DA:33,1
DA:34,0
DA:35,0
DA:36,0
DA:37,0
DA:38,0
DA:39,0
DA:40,0
DA:41,0
DA:42,0
LF:42
LH:33
BRDA:3,0,0,1
BRDA:8,1,0,1
BRDA:10,2,0,3
BRDA:14,3,0,1
BRF:4
BRH:4
end_of_record
TN:
SF:src\task9.js
FN:1,isRectangular
FN:13,sAndL
FN:19,task9
FNF:3
FNH:2
FNDA:2,isRectangular
FNDA:3,sAndL
FNDA:0,task9
DA:1,1
DA:2,2
DA:3,2
DA:4,0
DA:5,2
DA:6,0
DA:7,2
DA:8,2
DA:9,2
DA:10,0
DA:11,0
DA:12,1
DA:13,1
DA:14,3
DA:15,3
DA:16,3
DA:17,3
DA:18,3
DA:19,1
DA:20,0
DA:21,0
DA:22,0
DA:23,0
DA:24,0
DA:25,0
DA:26,0
DA:27,0
DA:28,0
DA:29,0
DA:30,0
LF:30
LH:15
BRDA:1,0,0,2
BRDA:3,1,0,1
BRDA:3,2,0,0
BRDA:5,3,0,1
BRDA:5,4,0,0
BRDA:9,5,0,0
BRDA:13,6,0,3
BRF:7
BRH:4
end_of_record
TN:
SF:src\task7\index.js
FN:3,createUI
FN:24,onChange
FN:33,addPr
FNF:3
FNH:3
FNDA:5,createUI
FNDA:2,onChange
FNDA:1,addPr
DA:1,1
DA:2,1
DA:3,1
DA:4,5
DA:5,5
DA:6,5
DA:7,5
DA:8,5
DA:9,5
DA:10,5
DA:11,5
DA:12,5
DA:13,0
DA:14,5
DA:15,5
DA:16,5
DA:17,0
DA:18,5
DA:19,5
DA:20,1
DA:21,1
DA:22,1
DA:23,1
DA:24,1
DA:25,2
DA:26,2
DA:27,1
DA:28,1
DA:29,1
DA:30,1
DA:31,2
DA:32,1
DA:33,1
DA:34,1
DA:35,1
DA:36,1
DA:37,1
DA:38,1
DA:39,1
LF:39
LH:37
BRDA:3,0,0,5
BRDA:24,1,0,2
BRDA:26,2,0,1
BRDA:33,3,0,1
BRF:4
BRH:4
end_of_record
